<?xml version="1.0" encoding="UTF-8"?>
<!-- Generated by org.testng.reporters.JUnitReportReporter -->
<testsuite hostname="Johnsy" failures="0" tests="3" name="practise.DataProvider" time="0.006" errors="0" timestamp="2023-05-26T14:56:25 IST" skipped="0">
  <testcase classname="practise.DataProvider" name="test" time="0.005"/>
  <system-out/>
  <testcase classname="practise.DataProvider" name="test" time="0.000"/>
  <system-out/>
  <testcase classname="practise.DataProvider" name="test" time="0.001"/>
  <system-out/>
</testsuite> <!-- practise.DataProvider -->
