<?xml version="1.0" encoding="UTF-8"?>
<!-- Generated by org.testng.reporters.JUnitReportReporter -->
<testsuite skipped="0" hostname="Johnsy" name="nominee_module.CreateNomineePOMtest" tests="1" failures="0" timestamp="2023-03-29T14:46:36 IST" time="3.204" errors="0">
  <testcase name="addNominee" time="3.204" classname="nominee_module.CreateNomineePOMtest"/>
  <system-out>
    <![CDATA[addNominee---->Test execution started
addNominee---->Testscript execution successful]]>
  </system-out>
</testsuite> <!-- nominee_module.CreateNomineePOMtest -->
