<?xml version="1.0" encoding="UTF-8"?>
<!-- Generated by org.testng.reporters.JUnitReportReporter -->
<testsuite hostname="Johnsy" failures="0" tests="1" name="practise.HandlingTab" time="23.162" errors="0" timestamp="2023-07-26T15:55:47 IST" skipped="0">
  <testcase classname="practise.HandlingTab" name="open" time="23.162"/>
  <system-out/>
</testsuite> <!-- practise.HandlingTab -->
