<?xml version="1.0" encoding="UTF-8"?>
<!-- Generated by org.testng.reporters.JUnitReportReporter -->
<testsuite skipped="0" hostname="Johnsy" name="payment_module.MakePaymentPomTest" tests="1" failures="0" timestamp="2023-03-24T15:55:12 IST" time="2.938" errors="0">
  <testcase name="addPayment" time="2.938" classname="payment_module.MakePaymentPomTest"/>
  <system-out/>
</testsuite> <!-- payment_module.MakePaymentPomTest -->
