<?xml version="1.0" encoding="UTF-8"?>
<!-- Generated by org.testng.reporters.JUnitReportReporter -->
<testsuite hostname="Johnsy" failures="0" tests="1" name="practise.AmazonIhone13" time="34.257" errors="0" timestamp="2023-06-22T21:49:53 IST" skipped="0">
  <testcase classname="practise.AmazonIhone13" name="writeData" time="34.257"/>
  <system-out/>
</testsuite> <!-- practise.AmazonIhone13 -->
