<?xml version="1.0" encoding="UTF-8"?>
<!-- Generated by org.testng.reporters.JUnitReportReporter -->
<testsuite hostname="Johnsy" failures="0" tests="1" name="practise.GraphAndPichart" time="8.864" errors="0" timestamp="2023-08-11T17:25:07 IST" skipped="0">
  <testcase classname="practise.GraphAndPichart" name="GraphGetText" time="8.864"/>
  <system-out/>
</testsuite> <!-- practise.GraphAndPichart -->
