<?xml version="1.0" encoding="UTF-8"?>
<!-- Generated by org.testng.reporters.JUnitReportReporter -->
<testsuite skipped="0" hostname="Johnsy" name="client_module.AddClientUsingPOM" tests="1" failures="0" timestamp="2023-03-24T14:50:43 IST" time="5.668" errors="0">
  <testcase name="addClient" time="5.668" classname="client_module.AddClientUsingPOM"/>
  <system-out/>
</testsuite> <!-- client_module.AddClientUsingPOM -->
