<?xml version="1.0" encoding="UTF-8"?>
<!-- Generated by org.testng.reporters.JUnitReportReporter -->
<testsuite skipped="0" hostname="Johnsy" name="practise.Data_Test" tests="2" failures="0" timestamp="2023-03-24T10:18:18 IST" time="0.005" errors="0">
  <testcase name="getData" time="0.001" classname="practise.Data_Test"/>
  <system-out/>
  <testcase name="getData" time="0.004" classname="practise.Data_Test"/>
  <system-out/>
</testsuite> <!-- practise.Data_Test -->
