<?xml version="1.0" encoding="UTF-8"?>
<!-- Generated by org.testng.reporters.JUnitReportReporter -->
<testsuite hostname="Johnsy" failures="0" tests="1" name="practise.AmazonTv" time="63.135" errors="0" timestamp="2023-07-05T17:00:43 IST" skipped="0">
  <testcase classname="practise.AmazonTv" name="tv" time="63.135"/>
  <system-out/>
</testsuite> <!-- practise.AmazonTv -->
