<?xml version="1.0" encoding="UTF-8"?>
<!-- Generated by org.testng.reporters.JUnitReportReporter -->
<testsuite hostname="Johnsy" failures="0" tests="1" name="practise.AmazonIhone13" time="32.000" errors="0" timestamp="2023-07-05T16:57:00 IST" skipped="0">
  <testcase classname="practise.AmazonIhone13" name="writeData" time="32.000"/>
  <system-out/>
</testsuite> <!-- practise.AmazonIhone13 -->
