<?xml version="1.0" encoding="UTF-8"?>
<!-- Generated by org.testng.reporters.JUnitReportReporter -->
<testsuite skipped="0" hostname="Johnsy" name="client_module.DeleteClientUsingPOM" tests="1" failures="0" timestamp="2023-03-24T15:37:55 IST" time="2.378" errors="0">
  <testcase name="deleteClient" time="2.378" classname="client_module.DeleteClientUsingPOM"/>
  <system-out/>
</testsuite> <!-- client_module.DeleteClientUsingPOM -->
