<?xml version="1.0" encoding="UTF-8"?>
<!-- Generated by org.testng.reporters.JUnitReportReporter -->
<testsuite skipped="0" hostname="Johnsy" name="practise.TestNGFeatures" tests="4" failures="0" timestamp="2023-03-29T19:52:07 IST" time="0.008" errors="0">
  <testcase name="apple" time="0.005" classname="practise.TestNGFeatures"/>
  <system-out/>
  <testcase name="delete" time="0.000" classname="practise.TestNGFeatures"/>
  <system-out/>
  <testcase name="create" time="0.001" classname="practise.TestNGFeatures"/>
  <system-out/>
  <testcase name="edit" time="0.002" classname="practise.TestNGFeatures"/>
  <system-out/>
</testsuite> <!-- practise.TestNGFeatures -->
