<?xml version="1.0" encoding="UTF-8"?>
<!-- Generated by org.testng.reporters.JUnitReportReporter -->
<testsuite hostname="Johnsy" failures="0" tests="1" name="practise.Cricbuzz" time="37.937" errors="0" timestamp="2023-06-22T17:55:00 IST" skipped="0">
  <testcase classname="practise.Cricbuzz" name="login" time="37.937"/>
  <system-out/>
</testsuite> <!-- practise.Cricbuzz -->
