<?xml version="1.0" encoding="UTF-8"?>
<!-- Generated by org.testng.reporters.JUnitReportReporter -->
<testsuite skipped="0" hostname="Johnsy" name="practise.TestNGAnnotations" tests="5" failures="0" timestamp="2023-03-23T16:31:03 IST" time="0.010" errors="0">
  <testcase name="delete" time="0.006" classname="practise.TestNGAnnotations"/>
  <system-out/>
  <testcase name="apple" time="0.000" classname="practise.TestNGAnnotations"/>
  <system-out/>
  <testcase name="edit" time="0.001" classname="practise.TestNGAnnotations"/>
  <system-out/>
  <testcase name="create" time="0.001" classname="practise.TestNGAnnotations"/>
  <system-out/>
  <testcase name="create" time="0.002" classname="practise.TestNGAnnotations"/>
  <system-out/>
</testsuite> <!-- practise.TestNGAnnotations -->
