<?xml version="1.0" encoding="UTF-8"?>
<!-- Generated by org.testng.reporters.JUnitReportReporter -->
<testsuite skipped="0" hostname="Johnsy" name="practise.Data_Pro" tests="3" failures="0" timestamp="2023-03-24T10:54:34 IST" time="0.005" errors="0">
  <testcase name="getData" time="0.001" classname="practise.Data_Pro"/>
  <system-out/>
  <testcase name="getData" time="0.000" classname="practise.Data_Pro"/>
  <system-out/>
  <testcase name="getData" time="0.004" classname="practise.Data_Pro"/>
  <system-out/>
</testsuite> <!-- practise.Data_Pro -->
