<?xml version="1.0" encoding="UTF-8"?>
<!-- Generated by org.testng.reporters.JUnitReportReporter -->
<testsuite skipped="0" hostname="Johnsy" name="practise.TestNGDataProvider" tests="3" failures="0" timestamp="2023-03-24T11:36:03 IST" time="0.005" errors="0">
  <testcase name="getData" time="0.004" classname="practise.TestNGDataProvider"/>
  <system-out/>
  <testcase name="getData" time="0.001" classname="practise.TestNGDataProvider"/>
  <system-out/>
  <testcase name="getData" time="0.000" classname="practise.TestNGDataProvider"/>
  <system-out/>
</testsuite> <!-- practise.TestNGDataProvider -->
